# JRE version: Java(TM) SE Runtime Environment (7.0_51-b13) (build 1.7.0_51-b13)
# Java VM: Java HotSpot(TM) 64-Bit Server VM (24.51-b03 mixed mode windows-amd64 compressed oops)
Heap
 PSYoungGen      total 45056K, used 6226K [0x00000000eaa80000, 0x00000000ed800000, 0x0000000100000000)
  eden space 43520K, 14% used [0x00000000eaa80000,0x00000000eb074b08,0x00000000ed500000)
  from space 1536K, 8% used [0x00000000ed500000,0x00000000ed520000,0x00000000ed680000)
  to   space 1536K, 0% used [0x00000000ed680000,0x00000000ed680000,0x00000000ed800000)
 ParOldGen       total 43520K, used 8356K [0x00000000c0000000, 0x00000000c2a80000, 0x00000000eaa80000)
  object space 43520K, 19% used [0x00000000c0000000,0x00000000c08292f8,0x00000000c2a80000)
 PSPermGen       total 21504K, used 11273K [0x00000000bae00000, 0x00000000bc300000, 0x00000000c0000000)
  object space 21504K, 52% used [0x00000000bae00000,0x00000000bb902708,0x00000000bc300000)
GC Heap History (10 events):
Event: 4.766 GC heap before
{Heap before GC invocations=39 (full 0):
 PSYoungGen      total 37376K, used 34944K [0x00000000eaa80000, 0x00000000ed700000, 0x0000000100000000)
  eden space 34816K, 100% used [0x00000000eaa80000,0x00000000ecc80000,0x00000000ecc80000)
  from space 2560K, 5% used [0x00000000ece00000,0x00000000ece20000,0x00000000ed080000)
  to   space 1536K, 0% used [0x00000000ecc80000,0x00000000ecc80000,0x00000000ece00000)
 ParOldGen       total 43520K, used 8268K [0x00000000c0000000, 0x00000000c2a80000, 0x00000000eaa80000)
  object space 43520K, 18% used [0x00000000c0000000,0x00000000c08132f8,0x00000000c2a80000)
 PSPermGen       total 21504K, used 11262K [0x00000000bae00000, 0x00000000bc300000, 0x00000000c0000000)
  object space 21504K, 52% used [0x00000000bae00000,0x00000000bb8ffa98,0x00000000bc300000)
Event: 4.767 GC heap after
Heap after GC invocations=39 (full 0):
 PSYoungGen      total 36352K, used 128K [0x00000000eaa80000, 0x00000000ed800000, 0x0000000100000000)
  eden space 34816K, 0% used [0x00000000eaa80000,0x00000000eaa80000,0x00000000ecc80000)
  from space 1536K, 8% used [0x00000000ecc80000,0x00000000ecca0000,0x00000000ece00000)
  to   space 1536K, 0% used [0x00000000ed680000,0x00000000ed680000,0x00000000ed800000)
 ParOldGen       total 43520K, used 8292K [0x00000000c0000000, 0x00000000c2a80000, 0x00000000eaa80000)
  object space 43520K, 19% used [0x00000000c0000000,0x00000000c08192f8,0x00000000c2a80000)
 PSPermGen       total 21504K, used 11262K [0x00000000bae00000, 0x00000000bc300000, 0x00000000c0000000)
  object space 21504K, 52% used [0x00000000bae00000,0x00000000bb8ffa98,0x00000000bc300000)
}
Event: 4.828 GC heap before
{Heap before GC invocations=40 (full 0):
 PSYoungGen      total 36352K, used 34944K [0x00000000eaa80000, 0x00000000ed800000, 0x0000000100000000)
  eden space 34816K, 100% used [0x00000000eaa80000,0x00000000ecc80000,0x00000000ecc80000)
  from space 1536K, 8% used [0x00000000ecc80000,0x00000000ecca0000,0x00000000ece00000)
  to   space 1536K, 0% used [0x00000000ed680000,0x00000000ed680000,0x00000000ed800000)
 ParOldGen       total 43520K, used 8292K [0x00000000c0000000, 0x00000000c2a80000, 0x00000000eaa80000)
  object space 43520K, 19% used [0x00000000c0000000,0x00000000c08192f8,0x00000000c2a80000)
 PSPermGen       total 21504K, used 11262K [0x00000000bae00000, 0x00000000bc300000, 0x00000000c0000000)
  object space 21504K, 52% used [0x00000000bae00000,0x00000000bb8ffa98,0x00000000bc300000)
Event: 4.829 GC heap after
Heap after GC invocations=40 (full 0):
 PSYoungGen      total 45056K, used 128K [0x00000000eaa80000, 0x00000000ed800000, 0x0000000100000000)
  eden space 43520K, 0% used [0x00000000eaa80000,0x00000000eaa80000,0x00000000ed500000)
  from space 1536K, 8% used [0x00000000ed680000,0x00000000ed6a0000,0x00000000ed800000)
  to   space 1536K, 0% used [0x00000000ed500000,0x00000000ed500000,0x00000000ed680000)
 ParOldGen       total 43520K, used 8316K [0x00000000c0000000, 0x00000000c2a80000, 0x00000000eaa80000)
  object space 43520K, 19% used [0x00000000c0000000,0x00000000c081f2f8,0x00000000c2a80000)
 PSPermGen       total 21504K, used 11262K [0x00000000bae00000, 0x00000000bc300000, 0x00000000c0000000)
  object space 21504K, 52% used [0x00000000bae00000,0x00000000bb8ffa98,0x00000000bc300000)
}
Event: 4.904 GC heap before
{Heap before GC invocations=41 (full 0):
 PSYoungGen      total 45056K, used 43648K [0x00000000eaa80000, 0x00000000ed800000, 0x0000000100000000)
  eden space 43520K, 100% used [0x00000000eaa80000,0x00000000ed500000,0x00000000ed500000)
  from space 1536K, 8% used [0x00000000ed680000,0x00000000ed6a0000,0x00000000ed800000)
  to   space 1536K, 0% used [0x00000000ed500000,0x00000000ed500000,0x00000000ed680000)
 ParOldGen       total 43520K, used 8316K [0x00000000c0000000, 0x00000000c2a80000, 0x00000000eaa80000)
  object space 43520K, 19% used [0x00000000c0000000,0x00000000c081f2f8,0x00000000c2a80000)
 PSPermGen       total 21504K, used 11262K [0x00000000bae00000, 0x00000000bc300000, 0x00000000c0000000)
  object space 21504K, 52% used [0x00000000bae00000,0x00000000bb8ffa98,0x00000000bc300000)
Event: 4.905 GC heap after
Heap after GC invocations=41 (full 0):
 PSYoungGen      total 45056K, used 128K [0x00000000eaa80000, 0x00000000ed800000, 0x0000000100000000)
  eden space 43520K, 0% used [0x00000000eaa80000,0x00000000eaa80000,0x00000000ed500000)
  from space 1536K, 8% used [0x00000000ed500000,0x00000000ed520000,0x00000000ed680000)
  to   space 1536K, 0% used [0x00000000ed680000,0x00000000ed680000,0x00000000ed800000)
 ParOldGen       total 43520K, used 8332K [0x00000000c0000000, 0x00000000c2a80000, 0x00000000eaa80000)
  object space 43520K, 19% used [0x00000000c0000000,0x00000000c08232f8,0x00000000c2a80000)
 PSPermGen       total 21504K, used 11262K [0x00000000bae00000, 0x00000000bc300000, 0x00000000c0000000)
  object space 21504K, 52% used [0x00000000bae00000,0x00000000bb8ffa98,0x00000000bc300000)
}
Event: 4.979 GC heap before
{Heap before GC invocations=42 (full 0):
 PSYoungGen      total 45056K, used 43648K [0x00000000eaa80000, 0x00000000ed800000, 0x0000000100000000)
  eden space 43520K, 100% used [0x00000000eaa80000,0x00000000ed500000,0x00000000ed500000)
  from space 1536K, 8% used [0x00000000ed500000,0x00000000ed520000,0x00000000ed680000)
  to   space 1536K, 0% used [0x00000000ed680000,0x00000000ed680000,0x00000000ed800000)
 ParOldGen       total 43520K, used 8332K [0x00000000c0000000, 0x00000000c2a80000, 0x00000000eaa80000)
  object space 43520K, 19% used [0x00000000c0000000,0x00000000c08232f8,0x00000000c2a80000)
 PSPermGen       total 21504K, used 11262K [0x00000000bae00000, 0x00000000bc300000, 0x00000000c0000000)
  object space 21504K, 52% used [0x00000000bae00000,0x00000000bb8ffb40,0x00000000bc300000)
Event: 4.980 GC heap after
Heap after GC invocations=42 (full 0):
 PSYoungGen      total 45056K, used 128K [0x00000000eaa80000, 0x00000000ed800000, 0x0000000100000000)
  eden space 43520K, 0% used [0x00000000eaa80000,0x00000000eaa80000,0x00000000ed500000)
  from space 1536K, 8% used [0x00000000ed680000,0x00000000ed6a0000,0x00000000ed800000)
  to   space 1536K, 0% used [0x00000000ed500000,0x00000000ed500000,0x00000000ed680000)
 ParOldGen       total 43520K, used 8348K [0x00000000c0000000, 0x00000000c2a80000, 0x00000000eaa80000)
  object space 43520K, 19% used [0x00000000c0000000,0x00000000c08272f8,0x00000000c2a80000)
 PSPermGen       total 21504K, used 11262K [0x00000000bae00000, 0x00000000bc300000, 0x00000000c0000000)
  object space 21504K, 52% used [0x00000000bae00000,0x00000000bb8ffb40,0x00000000bc300000)
}
Event: 5.053 GC heap before
{Heap before GC invocations=43 (full 0):
 PSYoungGen      total 45056K, used 43648K [0x00000000eaa80000, 0x00000000ed800000, 0x0000000100000000)
  eden space 43520K, 100% used [0x00000000eaa80000,0x00000000ed500000,0x00000000ed500000)
  from space 1536K, 8% used [0x00000000ed680000,0x00000000ed6a0000,0x00000000ed800000)
  to   space 1536K, 0% used [0x00000000ed500000,0x00000000ed500000,0x00000000ed680000)
 ParOldGen       total 43520K, used 8348K [0x00000000c0000000, 0x00000000c2a80000, 0x00000000eaa80000)
  object space 43520K, 19% used [0x00000000c0000000,0x00000000c08272f8,0x00000000c2a80000)
 PSPermGen       total 21504K, used 11262K [0x00000000bae00000, 0x00000000bc300000, 0x00000000c0000000)
  object space 21504K, 52% used [0x00000000bae00000,0x00000000bb8ffb40,0x00000000bc300000)
Event: 5.055 GC heap after
Heap after GC invocations=43 (full 0):
 PSYoungGen      total 45056K, used 128K [0x00000000eaa80000, 0x00000000ed800000, 0x0000000100000000)
  eden space 43520K, 0% used [0x00000000eaa80000,0x00000000eaa80000,0x00000000ed500000)
  from space 1536K, 8% used [0x00000000ed500000,0x00000000ed520000,0x00000000ed680000)
  to   space 1536K, 0% used [0x00000000ed680000,0x00000000ed680000,0x00000000ed800000)
 ParOldGen       total 43520K, used 8356K [0x00000000c0000000, 0x00000000c2a80000, 0x00000000eaa80000)
  object space 43520K, 19% used [0x00000000c0000000,0x00000000c08292f8,0x00000000c2a80000)
 PSPermGen       total 21504K, used 11262K [0x00000000bae00000, 0x00000000bc300000, 0x00000000c0000000)
  object space 21504K, 52% used [0x00000000bae00000,0x00000000bb8ffb40,0x00000000bc300000)
}

